<?xml version="1.0" encoding="UTF-8"?>
<!-- Generated by org.testng.reporters.JUnitReportReporter -->
<testsuite name="com.test.automation.uiAutomation.registerPage.TC002_VerfiyRegistration" tests="1" time="0.000" ignored="0" failures="0" timestamp="13 Nov 2017 06:17:56 GMT" skipped="1" hostname="DESKTOP-9UPLSBP" errors="0">
  <testcase name="verfiyRegistration" time="0.000" classname="com.test.automation.uiAutomation.registerPage.TC002_VerfiyRegistration">
    <skipped/>
  </testcase> <!-- verfiyRegistration -->
</testsuite> <!-- com.test.automation.uiAutomation.registerPage.TC002_VerfiyRegistration -->
