<?xml version="1.0" encoding="UTF-8"?>
<!-- Generated by org.testng.reporters.JUnitReportReporter -->
<testsuite name="com.test.automation.uiAutomation.homepage.TC001_VerifyLoginWithInvalidCredentials" tests="1" time="11.117" ignored="0" failures="0" timestamp="14 Sep 2017 15:18:31 GMT" skipped="0" hostname="DESKTOP-9UPLSBP" errors="0">
  <testcase name="verifyLoginWithInvalidCredentials" time="11.117" classname="com.test.automation.uiAutomation.homepage.TC001_VerifyLoginWithInvalidCredentials"/>
</testsuite> <!-- com.test.automation.uiAutomation.homepage.TC001_VerifyLoginWithInvalidCredentials -->
