<?xml version="1.0" encoding="UTF-8"?>
<!-- Generated by org.testng.reporters.JUnitReportReporter -->
<testsuite name="com.test.automation.uiAutomation.homepage.TC002_VerfiyRegistration" tests="1" time="46.872" ignored="0" failures="0" timestamp="18 Oct 2017 16:22:01 GMT" skipped="0" hostname="DESKTOP-9UPLSBP" errors="0">
  <testcase name="verifyLoginWithInvalidCredentials" time="46.872" classname="com.test.automation.uiAutomation.homepage.TC002_VerfiyRegistration"/>
</testsuite> <!-- com.test.automation.uiAutomation.homepage.TC002_VerfiyRegistration -->
