<?xml version="1.0" encoding="UTF-8"?>
<!-- Generated by org.testng.reporters.JUnitReportReporter -->
<testsuite name="com.test.automation.uiAutomation.homepage.TC004_VerifyProductLoads" tests="1" time="9.092" ignored="0" failures="0" timestamp="07 Oct 2017 13:24:41 GMT" skipped="0" hostname="DESKTOP-9UPLSBP" errors="0">
  <testcase name="verifyProductLoads" time="9.092" classname="com.test.automation.uiAutomation.homepage.TC004_VerifyProductLoads"/>
</testsuite> <!-- com.test.automation.uiAutomation.homepage.TC004_VerifyProductLoads -->
