<?xml version="1.0" encoding="UTF-8"?>
<!-- Generated by org.testng.reporters.JUnitReportReporter -->
<testsuite name="com.test.automation.uiAutomation.registerPage.TC003_VerifyLoginWithDifferentCredentials" tests="7" time="0.016" ignored="0" failures="0" timestamp="13 Nov 2017 06:17:56 GMT" skipped="7" hostname="DESKTOP-9UPLSBP" errors="0">
  <testcase name="verifyLoginWithDifferentCredentials" time="0.000" classname="com.test.automation.uiAutomation.registerPage.TC003_VerifyLoginWithDifferentCredentials">
    <skipped/>
  </testcase> <!-- verifyLoginWithDifferentCredentials -->
  <testcase name="verifyLoginWithDifferentCredentials" time="0.000" classname="com.test.automation.uiAutomation.registerPage.TC003_VerifyLoginWithDifferentCredentials">
    <skipped/>
  </testcase> <!-- verifyLoginWithDifferentCredentials -->
  <testcase name="verifyLoginWithDifferentCredentials" time="0.000" classname="com.test.automation.uiAutomation.registerPage.TC003_VerifyLoginWithDifferentCredentials">
    <skipped/>
  </testcase> <!-- verifyLoginWithDifferentCredentials -->
  <testcase name="verifyLoginWithDifferentCredentials" time="0.016" classname="com.test.automation.uiAutomation.registerPage.TC003_VerifyLoginWithDifferentCredentials">
    <skipped/>
  </testcase> <!-- verifyLoginWithDifferentCredentials -->
  <testcase name="verifyLoginWithDifferentCredentials" time="0.000" classname="com.test.automation.uiAutomation.registerPage.TC003_VerifyLoginWithDifferentCredentials">
    <skipped/>
  </testcase> <!-- verifyLoginWithDifferentCredentials -->
  <testcase name="verifyLoginWithDifferentCredentials" time="0.000" classname="com.test.automation.uiAutomation.registerPage.TC003_VerifyLoginWithDifferentCredentials">
    <skipped/>
  </testcase> <!-- verifyLoginWithDifferentCredentials -->
  <testcase name="verifyLoginWithDifferentCredentials" time="0.000" classname="com.test.automation.uiAutomation.registerPage.TC003_VerifyLoginWithDifferentCredentials">
    <skipped/>
  </testcase> <!-- verifyLoginWithDifferentCredentials -->
</testsuite> <!-- com.test.automation.uiAutomation.registerPage.TC003_VerifyLoginWithDifferentCredentials -->
